#
# There is insufficient memory for the Java Runtime Environment to continue.
# Native memory allocation (mmap) failed to map 268435456 bytes. Error detail: G1 virtual space
# Possible reasons:
#   The system is out of physical RAM or swap space
#   This process is running with CompressedOops enabled, and the Java Heap may be blocking the growth of the native heap
# Possible solutions:
#   Reduce memory load on the system
#   Increase physical memory or swap space
#   Check if swap backing store is full
#   Decrease Java heap size (-Xmx/-Xms)
#   Decrease number of Java threads
#   Decrease Java thread stack sizes (-Xss)
#   Set larger code cache with -XX:ReservedCodeCacheSize=
#   JVM is running with Zero Based Compressed Oops mode in which the Java heap is
#     placed in the first 32GB address space. The Java Heap base address is the
#     maximum limit for the native heap growth. Please use -XX:HeapBaseMinAddress
#     to set the Java Heap base and to place the Java Heap above 32GB virtual address.
# This output file may be truncated or incomplete.
#
#  Out of Memory Error (os_windows.cpp:3825), pid=9688, tid=3224
#
# JRE version:  (17.0.11+1) (build )
# Java VM: OpenJDK 64-Bit Server VM (17.0.11+1-b1207.24, mixed mode, sharing, tiered, compressed oops, compressed class ptrs, g1 gc, windows-amd64)
# No core dump will be written. Minidumps are not enabled by default on client versions of Windows
#

---------------  S U M M A R Y ------------

Command Line: git4idea.http.GitAskPassApp Username for 'https://github.com': 

Host: AMD Ryzen 5 3600 6-Core Processor              , 12 cores, 15G,  Windows 11 , 64 bit Build 22621 (10.0.22621.3672)
Time: Wed Jul 17 01:13:01 2024 ora legale Europa occidentale elapsed time: 0.009628 seconds (0d 0h 0m 0s)

---------------  T H R E A D  ---------------

Current thread (0x00000296aae3dee0):  JavaThread "Unknown thread" [_thread_in_vm, id=3224, stack(0x000000e4a6300000,0x000000e4a6400000)]

Stack: [0x000000e4a6300000,0x000000e4a6400000]
Native frames: (J=compiled Java code, j=interpreted, Vv=VM code, C=native code)
V  [jvm.dll+0x6877f9]
V  [jvm.dll+0x8411aa]
V  [jvm.dll+0x842e2e]
V  [jvm.dll+0x843493]
V  [jvm.dll+0x249fdf]
V  [jvm.dll+0x6845c9]
V  [jvm.dll+0x678e7a]
V  [jvm.dll+0x30ab4b]
V  [jvm.dll+0x311ff6]
V  [jvm.dll+0x361a5e]
V  [jvm.dll+0x361c8f]
V  [jvm.dll+0x2e0978]
V  [jvm.dll+0x2e18e4]
V  [jvm.dll+0x811c71]
V  [jvm.dll+0x36f7c8]
V  [jvm.dll+0x7f05f6]
V  [jvm.dll+0x3f398f]
V  [jvm.dll+0x3f5541]
C  [jli.dll+0x528f]
C  [ucrtbase.dll+0x29333]
C  [KERNEL32.DLL+0x1257d]
C  [ntdll.dll+0x5af28]


---------------  P R O C E S S  ---------------

Threads class SMR info:
_java_thread_list=0x00007ffab251efd8, length=0, elements={
}

Java Threads: ( => current thread )

Other Threads:
  0x00000296ad05d3a0 GCTaskThread "GC Thread#0" [stack: 0x000000e4a6400000,0x000000e4a6500000] [id=7432]
  0x00000296ad06e230 ConcurrentGCThread "G1 Main Marker" [stack: 0x000000e4a6500000,0x000000e4a6600000] [id=5116]
  0x00000296ad06f3f0 ConcurrentGCThread "G1 Conc#0" [stack: 0x000000e4a6600000,0x000000e4a6700000] [id=8520]

[error occurred during error reporting (printing all threads), id 0xc0000005, EXCEPTION_ACCESS_VIOLATION (0xc0000005) at pc=0x00007ffab1cd1547]

VM state: not at safepoint (not fully initialized)

VM Mutex/Monitor currently owned by a thread:  ([mutex/lock_event])
[0x00000296aae3d3e0] Heap_lock - owner thread: 0x00000296aae3dee0

Heap address: 0x0000000700c00000, size: 4084 MB, Compressed Oops mode: Zero based, Oop shift amount: 3

CDS archive(s) mapped at: [0x0000000000000000-0x0000000000000000-0x0000000000000000), size 0, SharedBaseAddress: 0x0000000800000000, ArchiveRelocationMode: 1.
Narrow klass base: 0x0000000000000000, Narrow klass shift: 0, Narrow klass range: 0x0

GC Precious Log:
<Empty>

Heap:
 garbage-first heap   total 0K, used 0K [0x0000000700c00000, 0x0000000800000000)
  region size 2048K, 0 young (0K), 0 survivors (0K)
 Metaspace       used 0K, committed 0K, reserved 0K
  class space    used 0K, committed 0K, reserved 0K

Heap Regions: E=young(eden), S=young(survivor), O=old, HS=humongous(starts), HC=humongous(continues), CS=collection set, F=free, OA=open archive, CA=closed archive, TAMS=top-at-mark-start (previous, next)

Card table byte_map: [0x00000296c04d0000,0x00000296c0cd0000] _byte_map_base: 0x00000296bccca000

Marking Bits (Prev, Next): (CMBitMap*) 0x00000296ad05d9c0, (CMBitMap*) 0x00000296ad05da00
 Prev Bits: [0x00000296c14d0000, 0x00000296c54a0000)
 Next Bits: [0x00000296c54a0000, 0x00000296c9470000)

GC Heap History (0 events):
No events

Dll operation events (1 events):
Event: 0.006 Loaded shared library C:\Program Files\JetBrains\IntelliJ IDEA 2024.1.4\jbr\bin\java.dll

Deoptimization events (0 events):
No events

Classes unloaded (0 events):
No events

Classes redefined (0 events):
No events

Internal exceptions (0 events):
No events

VM Operations (0 events):
No events

Events (0 events):
No events


Dynamic libraries:
0x00007ff6b9f20000 - 0x00007ff6b9f2a000 	C:\Program Files\JetBrains\IntelliJ IDEA 2024.1.4\jbr\bin\java.exe
0x00007ffb37950000 - 0x00007ffb37b67000 	C:\Windows\SYSTEM32\ntdll.dll
0x00007ffb37150000 - 0x00007ffb37214000 	C:\Windows\System32\KERNEL32.DLL
0x00007ffb34c80000 - 0x00007ffb3502d000 	C:\Windows\System32\KERNELBASE.dll
0x00007ffb35540000 - 0x00007ffb35651000 	C:\Windows\System32\ucrtbase.dll
0x00007ffb1d660000 - 0x00007ffb1d677000 	C:\Program Files\JetBrains\IntelliJ IDEA 2024.1.4\jbr\bin\jli.dll
0x00007ffb36f60000 - 0x00007ffb3710e000 	C:\Windows\System32\USER32.dll
0x00007ffb35660000 - 0x00007ffb35686000 	C:\Windows\System32\win32u.dll
0x00007ffb19830000 - 0x00007ffb19ac3000 	C:\Windows\WinSxS\amd64_microsoft.windows.common-controls_6595b64144ccf1df_6.0.22621.3672_none_2713b9d173822955\COMCTL32.dll
0x00007ffb362d0000 - 0x00007ffb362f9000 	C:\Windows\System32\GDI32.dll
0x00007ffb36d70000 - 0x00007ffb36e17000 	C:\Windows\System32\msvcrt.dll
0x00007ffb35370000 - 0x00007ffb35489000 	C:\Windows\System32\gdi32full.dll
0x00007ffb35030000 - 0x00007ffb350ca000 	C:\Windows\System32\msvcp_win.dll
0x00007ffb0f8c0000 - 0x00007ffb0f8db000 	C:\Program Files\JetBrains\IntelliJ IDEA 2024.1.4\jbr\bin\VCRUNTIME140.dll
0x00007ffb37110000 - 0x00007ffb37141000 	C:\Windows\System32\IMM32.DLL
0x00007ffb1fa70000 - 0x00007ffb1fa7c000 	C:\Program Files\JetBrains\IntelliJ IDEA 2024.1.4\jbr\bin\vcruntime140_1.dll
0x00007ffb04390000 - 0x00007ffb0441d000 	C:\Program Files\JetBrains\IntelliJ IDEA 2024.1.4\jbr\bin\msvcp140.dll
0x00007ffab19e0000 - 0x00007ffab2663000 	C:\Program Files\JetBrains\IntelliJ IDEA 2024.1.4\jbr\bin\server\jvm.dll
0x00007ffb35870000 - 0x00007ffb35922000 	C:\Windows\System32\ADVAPI32.dll
0x00007ffb36300000 - 0x00007ffb363a9000 	C:\Windows\System32\sechost.dll
0x00007ffb35510000 - 0x00007ffb35538000 	C:\Windows\System32\bcrypt.dll
0x00007ffb373e0000 - 0x00007ffb374f4000 	C:\Windows\System32\RPCRT4.dll
0x00007ffb20880000 - 0x00007ffb20889000 	C:\Windows\SYSTEM32\WSOCK32.dll
0x00007ffb34990000 - 0x00007ffb349dd000 	C:\Windows\SYSTEM32\POWRPROF.dll
0x00007ffb377b0000 - 0x00007ffb37821000 	C:\Windows\System32\WS2_32.dll
0x00007ffb28bc0000 - 0x00007ffb28bf4000 	C:\Windows\SYSTEM32\WINMM.dll
0x00007ffb29620000 - 0x00007ffb2962a000 	C:\Windows\SYSTEM32\VERSION.dll
0x00007ffb34970000 - 0x00007ffb34983000 	C:\Windows\SYSTEM32\UMPDC.dll
0x00007ffb33c70000 - 0x00007ffb33c88000 	C:\Windows\SYSTEM32\kernel.appcore.dll
0x00007ffb218b0000 - 0x00007ffb218ba000 	C:\Program Files\JetBrains\IntelliJ IDEA 2024.1.4\jbr\bin\jimage.dll
0x00007ffb32630000 - 0x00007ffb32862000 	C:\Windows\SYSTEM32\DBGHELP.DLL
0x00007ffb359c0000 - 0x00007ffb35d48000 	C:\Windows\System32\combase.dll
0x00007ffb36c90000 - 0x00007ffb36d67000 	C:\Windows\System32\OLEAUT32.dll
0x00007ffb2d5c0000 - 0x00007ffb2d5f2000 	C:\Windows\SYSTEM32\dbgcore.DLL
0x00007ffb35490000 - 0x00007ffb3550b000 	C:\Windows\System32\bcryptPrimitives.dll
0x00007ffb1fb50000 - 0x00007ffb1fb75000 	C:\Program Files\JetBrains\IntelliJ IDEA 2024.1.4\jbr\bin\java.dll

dbghelp: loaded successfully - version: 4.0.5 - missing functions: none
symbol engine: initialized successfully - sym options: 0x614 - pdb path: .;C:\Program Files\JetBrains\IntelliJ IDEA 2024.1.4\jbr\bin;C:\Windows\SYSTEM32;C:\Windows\WinSxS\amd64_microsoft.windows.common-controls_6595b64144ccf1df_6.0.22621.3672_none_2713b9d173822955;C:\Program Files\JetBrains\IntelliJ IDEA 2024.1.4\jbr\bin\server

VM Arguments:
java_command: git4idea.http.GitAskPassApp Username for 'https://github.com': 
java_class_path (initial): C:/Program Files/JetBrains/IntelliJ IDEA 2024.1.4/plugins/vcs-git/lib/git4idea-rt.jar;C:/Program Files/JetBrains/IntelliJ IDEA 2024.1.4/lib/externalProcess-rt.jar
Launcher Type: SUN_STANDARD

[Global flags]
     intx CICompilerCount                          = 4                                         {product} {ergonomic}
     uint ConcGCThreads                            = 3                                         {product} {ergonomic}
     uint G1ConcRefinementThreads                  = 10                                        {product} {ergonomic}
   size_t G1HeapRegionSize                         = 2097152                                   {product} {ergonomic}
    uintx GCDrainStackTargetSize                   = 64                                        {product} {ergonomic}
   size_t InitialHeapSize                          = 268435456                                 {product} {ergonomic}
   size_t MarkStackSize                            = 4194304                                   {product} {ergonomic}
   size_t MaxHeapSize                              = 4282384384                                {product} {ergonomic}
   size_t MinHeapDeltaBytes                        = 2097152                                   {product} {ergonomic}
   size_t MinHeapSize                              = 8388608                                   {product} {ergonomic}
    uintx NonNMethodCodeHeapSize                   = 5839372                                {pd product} {ergonomic}
    uintx NonProfiledCodeHeapSize                  = 122909434                              {pd product} {ergonomic}
    uintx ProfiledCodeHeapSize                     = 122909434                              {pd product} {ergonomic}
    uintx ReservedCodeCacheSize                    = 251658240                              {pd product} {ergonomic}
     bool SegmentedCodeCache                       = true                                      {product} {ergonomic}
   size_t SoftMaxHeapSize                          = 4282384384                             {manageable} {ergonomic}
     bool UseCompressedClassPointers               = true                           {product lp64_product} {ergonomic}
     bool UseCompressedOops                        = true                           {product lp64_product} {ergonomic}
     bool UseG1GC                                  = true                                      {product} {ergonomic}
     bool UseLargePagesIndividualAllocation        = false                                  {pd product} {ergonomic}

Logging:
Log output configuration:
 #0: stdout all=warning uptime,level,tags
 #1: stderr all=off uptime,level,tags

Environment Variables:
JAVA_HOME=C:\Program Files\Java\jdk-21
PATH=C:\Program Files\Git\mingw64\libexec\git-core;C:\Program Files\Git\mingw64\libexec\git-core;C:\Program Files\Git\mingw64\bin;C:\Program Files\Git\usr\bin;C:\Users\danil\bin;C:\Program Files\Common Files\Oracle\Java\javapath;C:\Windows\system32;C:\Windows;C:\Windows\System32\Wbem;C:\Windows\System32\WindowsPowerShell\v1.0;C:\ProgramData\chocolatey\bin;C:\Program Files\dotnet;C:\Program Files\Git\cmd;C:\Program Files\PowerShell\7;C:\Program Files\Java\jdk-21\bin;C:\Program Files\Graphviz\bin;C:\Users\danil\AppData\Local\Microsoft\WindowsApps;C:\Program Files\JetBrains\IntelliJ IDEA 2023.2.4\bin;C:\Users\danil\AppData\Local\spicetify;C:\Gradle\gradle-8.8\bin
USERNAME=danil
DISPLAY=:0.0
LC_ALL=en_US.UTF-8
TERM=xterm-256color
TMPDIR=C:\Users\danil\AppData\Local\Temp
OS=Windows_NT
PROCESSOR_IDENTIFIER=AMD64 Family 23 Model 113 Stepping 0, AuthenticAMD
TMP=C:\Users\danil\AppData\Local\Temp
TEMP=C:\Users\danil\AppData\Local\Temp



Periodic native trim disabled

JNI global refs:
JNI global refs: 0, weak refs: 0

JNI global refs memory usage: 0, weak refs: 0

Process memory usage:
Resident Set Size: 11752K (0% of 16724204K total physical memory with 4112108K free physical memory)

OOME stack traces (most recent first):
Classloader memory used:


---------------  S Y S T E M  ---------------

OS:
 Windows 11 , 64 bit Build 22621 (10.0.22621.3672)
OS uptime: 0 days 3:34 hours
Hyper-V role detected

CPU: total 12 (initial active 12) (12 cores per cpu, 2 threads per core) family 23 model 113 stepping 0 microcode 0x0, cx8, cmov, fxsr, ht, mmx, 3dnowpref, sse, sse2, sse3, ssse3, sse4a, sse4.1, sse4.2, popcnt, lzcnt, tsc, tscinvbit, avx, avx2, aes, clmul, bmi1, bmi2, adx, sha, fma, vzeroupper, clflush, clflushopt, hv
Processor Information for all 12 processors :
  Max Mhz: 3593, Current Mhz: 3593, Mhz Limit: 3593

Memory: 4k page, system-wide physical 16332M (4015M free)
TotalPageFile size 16332M (AvailPageFile size 146M)
current process WorkingSet (physical memory assigned to process): 11M, peak: 11M
current process commit charge ("private bytes"): 64M, peak: 320M

vm_info: OpenJDK 64-Bit Server VM (17.0.11+1-b1207.24) for windows-amd64 JRE (17.0.11+1-b1207.24), built on 2024-05-15 by "builduser" with MS VC++ 16.10 / 16.11 (VS2019)

END.
